[debug] [2023-01-16T16:40:31.946Z] ----------------------------------------------------------------------
[debug] [2023-01-16T16:40:31.947Z] Command:       /Users/s2200712/.nvm/versions/node/v18.12.1/bin/node /Users/s2200712/.nvm/versions/node/v18.12.1/bin/firebase init
[debug] [2023-01-16T16:40:31.948Z] CLI Version:   11.20.0
[debug] [2023-01-16T16:40:31.948Z] Platform:      darwin
[debug] [2023-01-16T16:40:31.948Z] Node Version:  v18.12.1
[debug] [2023-01-16T16:40:31.949Z] Time:          Mon Jan 16 2023 18:40:31 GMT+0200 (Itä-Euroopan normaaliaika)
[debug] [2023-01-16T16:40:31.949Z] ----------------------------------------------------------------------
[debug] 
[debug] [2023-01-16T16:40:31.982Z] > command requires scopes: ["email","openid","https://www.googleapis.com/auth/cloudplatformprojects.readonly","https://www.googleapis.com/auth/firebase","https://www.googleapis.com/auth/cloud-platform"]
[debug] [2023-01-16T16:40:31.982Z] > authorizing via signed-in user (henri.veholahti@gmail.com)
[info] 
     ######## #### ########  ######## ########     ###     ######  ########
     ##        ##  ##     ## ##       ##     ##  ##   ##  ##       ##
     ######    ##  ########  ######   ########  #########  ######  ######
     ##        ##  ##    ##  ##       ##     ## ##     ##       ## ##
     ##       #### ##     ## ######## ########  ##     ##  ######  ########

You're about to initialize a Firebase project in this directory:

  /Users/s2200712/Documents/Tiedostot/portfolio/angular-projektit/success-ja-warning

Before we get started, keep in mind:

  * You are initializing within an existing Firebase project directory

[info] 
=== Project Setup
[info] 
[info] First, let's associate this project directory with a Firebase project.
[info] You can create multiple project aliases by running firebase use --add, 
[info] but for now we'll just set up a default project.
[info] 
[debug] [2023-01-16T16:40:43.213Z] Using project from CLI flag: vhlahti-success-ja-warning
[debug] [2023-01-16T16:40:43.216Z] >>> [apiv2][query] GET https://firebase.googleapis.com/v1beta1/projects/vhlahti-success-ja-warning [none]
[debug] [2023-01-16T16:40:43.514Z] <<< [apiv2][status] GET https://firebase.googleapis.com/v1beta1/projects/vhlahti-success-ja-warning 200
[debug] [2023-01-16T16:40:43.515Z] <<< [apiv2][body] GET https://firebase.googleapis.com/v1beta1/projects/vhlahti-success-ja-warning {"projectId":"vhlahti-success-ja-warning","projectNumber":"164612703792","displayName":"vhlahti-success-ja-warning","name":"projects/vhlahti-success-ja-warning","resources":{"hostingSite":"vhlahti-success-ja-warning"},"state":"ACTIVE","etag":"1_218e28b6-13a7-4243-bea0-011705cfacda"}
[info] i  Using project vhlahti-success-ja-warning (vhlahti-success-ja-warning) 
[info] 
=== Hosting Setup
[info] 
[info] Your public directory is the folder (relative to your project directory) that
[info] will contain Hosting assets to be uploaded with firebase deploy. If you
[info] have a build process for your assets, use your build's output directory.
[info] 
[debug] [2023-01-16T16:40:57.825Z] >>> [apiv2][query] GET https://www.gstatic.com/firebasejs/releases.json [none]
[debug] [2023-01-16T16:40:57.877Z] <<< [apiv2][status] GET https://www.gstatic.com/firebasejs/releases.json 200
[debug] [2023-01-16T16:40:57.877Z] <<< [apiv2][body] GET https://www.gstatic.com/firebasejs/releases.json {"current":{"version":"9.15.0","browserURL":"https://www.gstatic.com/firebasejs/9.15.0/firebase.js","packageURL":"https://www.gstatic.com/firebasejs/9.15.0/firebase.tgz"},"live":{"version":"9.15","browserURL":"https://www.gstatic.com/firebasejs/live/9.15/firebase.js","packageURL":"https://www.gstatic.com/firebasejs/live/9.15/firebase.tgz"},"components":{"analytics":"https://www.gstatic.com/firebasejs/9.15.0/firebase-analytics.js","app":"https://www.gstatic.com/firebasejs/9.15.0/firebase-app.js","app-check":"https://www.gstatic.com/firebasejs/9.15.0/firebase-app-check.js","auth":"https://www.gstatic.com/firebasejs/9.15.0/firebase-auth.js","auth/cordova":"https://www.gstatic.com/firebasejs/9.15.0/firebase-auth/cordova.js","auth/react-native":"https://www.gstatic.com/firebasejs/9.15.0/firebase-auth/react-native.js","functions":"https://www.gstatic.com/firebasejs/9.15.0/firebase-functions.js","firestore":"https://www.gstatic.com/firebasejs/9.15.0/firebase-firestore.js","firestore/lite":"https://www.gstatic.com/firebasejs/9.15.0/firebase-firestore/lite.js","installations":"https://www.gstatic.com/firebasejs/9.15.0/firebase-installations.js","storage":"https://www.gstatic.com/firebasejs/9.15.0/firebase-storage.js","performance":"https://www.gstatic.com/firebasejs/9.15.0/firebase-performance.js","remote-config":"https://www.gstatic.com/firebasejs/9.15.0/firebase-remote-config.js","messaging":"https://www.gstatic.com/firebasejs/9.15.0/firebase-messaging.js","messaging/sw":"https://www.gstatic.com/firebasejs/9.15.0/firebase-messaging/sw.js","database":"https://www.gstatic.com/firebasejs/9.15.0/firebase-database.js","firestore.memory":"https://www.gstatic.com/firebasejs/9.15.0/firebase-firestore.memory.js"}}
[info] ✔  Wrote dist/success-ja-warning/index.html 
[info] 
[info] i  Detected a .git folder at /Users/s2200712/Documents/Tiedostot/portfolio/angular-projektit/success-ja-warning 
[info] i  Authorizing with GitHub to upload your service account to a GitHub repository's secrets store. 
[info] 
[info] Visit this URL on this device to log in:
[info] https://github.com/login/oauth/authorize?client_id=89cf50f02ac6aaed3484&state=601657643&redirect_uri=http%3A%2F%2Flocalhost%3A9005&scope=read%3Auser%20repo%20public_repo
[info] 
[info] Waiting for authentication...
[debug] [2023-01-16T16:40:58.427Z] >>> [apiv2][query] POST https://github.com/login/oauth/access_token [none]
[debug] [2023-01-16T16:40:58.428Z] >>> [apiv2][body] POST https://github.com/login/oauth/access_token [stream]
[debug] [2023-01-16T16:40:58.792Z] <<< [apiv2][status] POST https://github.com/login/oauth/access_token 200
[debug] [2023-01-16T16:40:58.792Z] <<< [apiv2][body] POST https://github.com/login/oauth/access_token {"access_token":"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","token_type":"bearer","scope":"read:user,repo"}
[debug] [2023-01-16T16:40:58.810Z] >>> [apiv2][query] GET https://api.github.com/user [none]
[debug] [2023-01-16T16:40:59.267Z] <<< [apiv2][status] GET https://api.github.com/user 200
[debug] [2023-01-16T16:40:59.268Z] <<< [apiv2][body] GET https://api.github.com/user {"login":"vhlahti","id":112553727,"node_id":"U_kgDOBrVu_w","avatar_url":"https://avatars.githubusercontent.com/u/112553727?v=4","gravatar_id":"","url":"https://api.github.com/users/vhlahti","html_url":"https://github.com/vhlahti","followers_url":"https://api.github.com/users/vhlahti/followers","following_url":"https://api.github.com/users/vhlahti/following{/other_user}","gists_url":"https://api.github.com/users/vhlahti/gists{/gist_id}","starred_url":"https://api.github.com/users/vhlahti/starred{/owner}{/repo}","subscriptions_url":"https://api.github.com/users/vhlahti/subscriptions","organizations_url":"https://api.github.com/users/vhlahti/orgs","repos_url":"https://api.github.com/users/vhlahti/repos","events_url":"https://api.github.com/users/vhlahti/events{/privacy}","received_events_url":"https://api.github.com/users/vhlahti/received_events","type":"User","site_admin":false,"name":null,"company":null,"blog":"","location":null,"email":null,"hireable":null,"bio":null,"twitter_username":null,"public_repos":19,"public_gists":0,"followers":0,"following":0,"created_at":"2022-08-31T11:04:58Z","updated_at":"2023-01-13T21:28:15Z","private_gists":0,"total_private_repos":16,"owned_private_repos":16,"disk_usage":64913,"collaborators":3,"two_factor_authentication":false,"plan":{"name":"free","space":976562499,"collaborators":0,"private_repos":10000}}
[info] 
[info] ✔  Success! Logged into GitHub as vhlahti 
[info] 
[debug] [2023-01-16T16:41:17.056Z] >>> [apiv2][query] GET https://api.github.com/repos/n/actions/secrets/public-key type=owner
[debug] [2023-01-16T16:41:17.344Z] <<< [apiv2][status] GET https://api.github.com/repos/n/actions/secrets/public-key 404
[debug] [2023-01-16T16:41:17.344Z] <<< [apiv2][body] GET https://api.github.com/repos/n/actions/secrets/public-key {"message":"Not Found","documentation_url":"https://docs.github.com/rest"}
[debug] [2023-01-16T16:41:17.771Z] >>> [apiv2][query] GET https://api.github.com/repos/nn/actions/secrets/public-key type=owner
[debug] [2023-01-16T16:41:17.976Z] >>> [apiv2][query] GET https://api.github.com/repos//actions/secrets/public-key type=owner
[debug] [2023-01-16T16:41:18.058Z] <<< [apiv2][status] GET https://api.github.com/repos/nn/actions/secrets/public-key 404
[debug] [2023-01-16T16:41:18.058Z] <<< [apiv2][body] GET https://api.github.com/repos/nn/actions/secrets/public-key {"message":"Not Found","documentation_url":"https://docs.github.com/rest"}
[debug] [2023-01-16T16:41:18.145Z] >>> [apiv2][query] GET https://api.github.com/repos/nn/actions/secrets/public-key type=owner
[debug] [2023-01-16T16:41:18.251Z] <<< [apiv2][status] GET https://api.github.com/repos//actions/secrets/public-key 404
[debug] [2023-01-16T16:41:18.251Z] <<< [apiv2][body] GET https://api.github.com/repos//actions/secrets/public-key {"message":"Not Found","documentation_url":"https://docs.github.com/rest"}
[debug] [2023-01-16T16:41:18.426Z] <<< [apiv2][status] GET https://api.github.com/repos/nn/actions/secrets/public-key 404
[debug] [2023-01-16T16:41:18.426Z] <<< [apiv2][body] GET https://api.github.com/repos/nn/actions/secrets/public-key {"message":"Not Found","documentation_url":"https://docs.github.com/rest"}
